<?xml version="1.0" encoding="UTF-8"?>
<!-- Generated by org.testng.reporters.JUnitReportReporter -->
<testsuite hostname="PRAVEEN" failures="0" tests="2" name="v1" time="68.009" errors="0" timestamp="2023-12-08T17:42:24 IST" skipped="0">
  <testcase classname="v1" name="t11" time="0.089"/>
  <testcase classname="v1" name="t10" time="67.920"/>
</testsuite> <!-- v1 -->
