<?xml version="1.0" encoding="UTF-8"?>
<!-- Generated by org.testng.reporters.JUnitReportReporter -->
<testsuite hostname="PRAVEEN" failures="0" tests="1" name="v3" time="0.002" errors="0" timestamp="2023-12-08T17:42:24 IST" skipped="0">
  <testcase classname="v3" name="t30" time="0.002"/>
</testsuite> <!-- v3 -->
